<?xml version="1.0" encoding="UTF-8"?>
<!-- Generated by org.testng.reporters.JUnitReportReporter -->
<testsuite hostname="DESKTOP-0LQP43P" failures="0" tests="1" name="testproject.Testngexample.parameterisation" time="7.979" errors="0" timestamp="2022-07-16T10:12:10 PDT" skipped="0">
  <testcase classname="testproject.Testngexample.parameterisation" name="invalidtest" time="7.979"/>
  <system-out/>
</testsuite> <!-- testproject.Testngexample.parameterisation -->
