<?xml version="1.0" encoding="UTF-8"?>
<!-- Generated by org.testng.reporters.JUnitReportReporter -->
<testsuite hostname="DESKTOP-0LQP43P" failures="0" tests="2" name="NewTest" time="8.171" errors="0" timestamp="2022-07-16T13:37:25 PDT" skipped="1">
  <testcase classname="NewTest" name="validtest" time="8.171"/>
  <system-out>
    <![CDATA[page logged in
Browser closed]]>
  </system-out>
  <testcase classname="NewTest" name="invalidtest">
    <skipped/>
  </testcase> <!-- invalidtest -->
  <system-out/>
</testsuite> <!-- NewTest -->
