<?xml version="1.0" encoding="UTF-8"?>
<!-- Generated by org.testng.reporters.JUnitReportReporter -->
<testsuite hostname="DESKTOP-0LQP43P" failures="0" tests="5" name="testproject.Testngexample.NewTest1" time="0.015" errors="0" timestamp="2022-07-16T07:59:52 PDT" skipped="0">
  <testcase classname="testproject.Testngexample.NewTest1" name="testcase2" time="0.002"/>
  <system-out/>
  <testcase classname="testproject.Testngexample.NewTest1" name="testcase4" time="0.001"/>
  <system-out/>
  <testcase classname="testproject.Testngexample.NewTest1" name="testcase5" time="0.003"/>
  <system-out/>
  <testcase classname="testproject.Testngexample.NewTest1" name="testcase1" time="0.004"/>
  <system-out/>
  <testcase classname="testproject.Testngexample.NewTest1" name="testcase3" time="0.005"/>
  <system-out/>
</testsuite> <!-- testproject.Testngexample.NewTest1 -->
