<?xml version="1.0" encoding="UTF-8"?>
<!-- Generated by org.testng.reporters.JUnitReportReporter -->
<testsuite hostname="DESKTOP-0LQP43P" failures="0" tests="2" name="testproject.Testngexample.OrangeHRM_testNG_Pagefactory" time="11.713" errors="0" timestamp="2022-07-16T07:59:52 PDT" skipped="0">
  <testcase classname="testproject.Testngexample.OrangeHRM_testNG_Pagefactory" name="validtest" time="7.402"/>
  <system-out/>
  <testcase classname="testproject.Testngexample.OrangeHRM_testNG_Pagefactory" name="invalidtest" time="4.311"/>
  <system-out/>
</testsuite> <!-- testproject.Testngexample.OrangeHRM_testNG_Pagefactory -->
