<?xml version="1.0" encoding="UTF-8"?>
<!-- Generated by org.testng.reporters.JUnitReportReporter -->
<testsuite hostname="DESKTOP-0LQP43P" failures="0" tests="1" name="testproject.Testngexample.NewTest" time="0.009" errors="0" timestamp="2022-07-13T16:17:37 PDT" skipped="0">
  <testcase classname="testproject.Testngexample.NewTest" name="f" time="0.009"/>
  <system-out/>
</testsuite> <!-- testproject.Testngexample.NewTest -->
