<?xml version="1.0" encoding="UTF-8"?>
<!-- Generated by org.testng.reporters.JUnitReportReporter -->
<testsuite hostname="DESKTOP-0LQP43P" failures="0" tests="2" name="testproject.Testngexample.Reporterlog" time="0.019" errors="0" timestamp="2022-07-16T14:11:36 PDT" skipped="0">
  <testcase classname="testproject.Testngexample.Reporterlog" name="f1" time="0.010"/>
  <system-out>
    <![CDATA[hello 
Browser closed]]>
  </system-out>
  <testcase classname="testproject.Testngexample.Reporterlog" name="f" time="0.009"/>
  <system-out>
    <![CDATA[hi 
Browser closed]]>
  </system-out>
</testsuite> <!-- testproject.Testngexample.Reporterlog -->
