<?xml version="1.0" encoding="UTF-8"?>
<!-- Generated by org.testng.reporters.JUnitReportReporter -->
<testsuite hostname="DESKTOP-0LQP43P" failures="0" tests="2" name="testproject.Testngexample.dataprovider" time="12.381" errors="0" timestamp="2022-07-16T11:40:01 PDT" skipped="0">
  <testcase classname="testproject.Testngexample.dataprovider" name="valid_and_invalid" time="7.569"/>
  <system-out>
    <![CDATA[validation done
Browser closed]]>
  </system-out>
  <testcase classname="testproject.Testngexample.dataprovider" name="valid_and_invalid" time="4.812"/>
  <system-out>
    <![CDATA[validation done
Browser closed]]>
  </system-out>
</testsuite> <!-- testproject.Testngexample.dataprovider -->
