<?xml version="1.0" encoding="UTF-8"?>
<!-- Generated by org.testng.reporters.JUnitReportReporter -->
<testsuite hostname="DESKTOP-0LQP43P" failures="0" tests="2" name="testproject.Testngexample.invocationcountexample" time="0.012" errors="0" timestamp="2022-07-16T07:59:52 PDT" skipped="0">
  <testcase classname="testproject.Testngexample.invocationcountexample" name="f" time="0.007"/>
  <system-out>
    <![CDATA[report testpass]]>
  </system-out>
  <testcase classname="testproject.Testngexample.invocationcountexample" name="f" time="0.005"/>
  <system-out>
    <![CDATA[report testpass]]>
  </system-out>
</testsuite> <!-- testproject.Testngexample.invocationcountexample -->
